<?xml version="1.0" encoding="UTF-8"?>
<testng-results skipped="0" failed="0" ignored="0" total="1" passed="1">
  <reporter-output>
  </reporter-output>
  <suite name="Default suite" duration-ms="5215" started-at="2020-03-15T08:35:40Z" finished-at="2020-03-15T08:35:45Z">
    <groups>
    </groups>
    <test name="Default test" duration-ms="5215" started-at="2020-03-15T08:35:40Z" finished-at="2020-03-15T08:35:45Z">
      <class name="Files.StaticJson">
        <test-method status="PASS" signature="addBook()[pri:0, instance:Files.StaticJson@589838eb]" name="addBook" duration-ms="5129" started-at="2020-03-15T08:35:40Z" finished-at="2020-03-15T08:35:45Z">
          <reporter-output>
          </reporter-output>
        </test-method> <!-- addBook -->
      </class> <!-- Files.StaticJson -->
    </test> <!-- Default test -->
  </suite> <!-- Default suite -->
</testng-results>
