<?xml version="1.0" encoding="UTF-8"?>
<testng-results skipped="0" failed="0" ignored="0" total="2" passed="2">
  <reporter-output>
  </reporter-output>
  <suite name="Default suite" duration-ms="7159" started-at="2020-06-15T19:14:53Z" finished-at="2020-06-15T19:15:00Z">
    <groups>
    </groups>
    <test name="Default test" duration-ms="7159" started-at="2020-06-15T19:14:53Z" finished-at="2020-06-15T19:15:00Z">
      <class name="com.Restassured.ExcelDriven">
        <test-method status="PASS" signature="addBook()[pri:0, instance:com.Restassured.ExcelDriven@6f1fba17]" name="addBook" duration-ms="6801" started-at="2020-06-15T19:14:53Z" finished-at="2020-06-15T19:15:00Z">
          <reporter-output>
          </reporter-output>
        </test-method> <!-- addBook -->
        <test-method status="PASS" signature="deleteBook()[pri:0, instance:com.Restassured.ExcelDriven@6f1fba17]" name="deleteBook" duration-ms="270" started-at="2020-06-15T19:15:00Z" finished-at="2020-06-15T19:15:00Z">
          <reporter-output>
          </reporter-output>
        </test-method> <!-- deleteBook -->
      </class> <!-- com.Restassured.ExcelDriven -->
    </test> <!-- Default test -->
  </suite> <!-- Default suite -->
</testng-results>
